1502047845329	geckodriver	INFO	geckodriver 0.18.0
1502047845338	geckodriver	INFO	Listening on 127.0.0.1:62955
1502047846440	geckodriver::marionette	INFO	Starting browser /Applications/Firefox.app/Contents/MacOS/firefox-bin with args ["-marionette"]
1502047849146	Marionette	INFO	Listening on port 62964
1502047849212	Marionette	WARN	TLS certificate errors will be ignored for this session
1502047849447	Marionette	DEBUG	loaded listener.js
1502047849474	Marionette	DEBUG	Received DOM event "beforeunload" for "about:blank"
2017-08-06 15:30:49.526 plugin-container[46540:6719998] *** CFMessagePort: bootstrap_register(): failed 1100 (0x44c) 'Permission denied', port = 0x963b, name = 'com.apple.tsm.portname'
See /usr/include/servers/bootstrap_defs.h for the error codes.
2017-08-06 15:30:49.527 plugin-container[46540:6719998] *** CFMessagePort: bootstrap_register(): failed 1100 (0x44c) 'Permission denied', port = 0x9a03, name = 'com.apple.CFPasteboardClient'
See /usr/include/servers/bootstrap_defs.h for the error codes.
1502047849801	Marionette	DEBUG	Received DOM event "pagehide" for "about:blank"
1502047849801	Marionette	DEBUG	Received DOM event "unload" for "about:blank"
1502047850936	Marionette	DEBUG	Received DOM event "DOMContentLoaded" for "https://www.google.com/search?safe=off&site=&tbm=isch&source=hp&q=wallet&oq=wallet&gs_l=img"
1502047851546	Marionette	DEBUG	Received observer notification "outer-window-destroyed" for "2147483653"
1502047851946	Marionette	DEBUG	Received DOM event "DOMContentLoaded" for "https://www.google.com/search?safe=off&site=&tbm=isch&source=hp&q=wallet&oq=wallet&gs_l=img"
1502047851948	Marionette	DEBUG	Received DOM event "pageshow" for "https://www.google.com/search?safe=off&site=&tbm=isch&source=hp&q=wallet&oq=wallet&gs_l=img"
1502047852045	Marionette	DEBUG	Received DOM event "pageshow" for "https://www.google.com/search?safe=off&site=&tbm=isch&source=hp&q=wallet&oq=wallet&gs_l=img"
1502047867264	Marionette	INFO	New connections will no longer be accepted
1502047867651	Marionette	INFO	Ceased listening
1502048012362	geckodriver	INFO	geckodriver 0.18.0
1502048012365	geckodriver	INFO	Listening on 127.0.0.1:63998
1502048013411	geckodriver::marionette	INFO	Starting browser /Applications/Firefox.app/Contents/MacOS/firefox-bin with args ["-marionette"]
1502048015319	Marionette	INFO	Listening on port 64007
1502048015417	Marionette	WARN	TLS certificate errors will be ignored for this session
1502048015566	Marionette	DEBUG	loaded listener.js
1502048015591	Marionette	DEBUG	Received DOM event "beforeunload" for "about:blank"
2017-08-06 15:33:35.637 plugin-container[46727:6722718] *** CFMessagePort: bootstrap_register(): failed 1100 (0x44c) 'Permission denied', port = 0x943b, name = 'com.apple.tsm.portname'
See /usr/include/servers/bootstrap_defs.h for the error codes.
2017-08-06 15:33:35.638 plugin-container[46727:6722718] *** CFMessagePort: bootstrap_register(): failed 1100 (0x44c) 'Permission denied', port = 0x9703, name = 'com.apple.CFPasteboardClient'
See /usr/include/servers/bootstrap_defs.h for the error codes.
1502048015836	Marionette	DEBUG	Received DOM event "pagehide" for "about:blank"
1502048015837	Marionette	DEBUG	Received DOM event "unload" for "about:blank"
1502048016829	Marionette	DEBUG	Received DOM event "DOMContentLoaded" for "https://www.google.com/search?safe=off&site=&tbm=isch&source=hp&q=black%20wallet&oq=black%20wallet&gs_l=img"
1502048017289	Marionette	DEBUG	Received observer notification "outer-window-destroyed" for "2147483653"
1502048017298	Marionette	DEBUG	Received DOM event "DOMContentLoaded" for "https://www.google.com/search?safe=off&site=&tbm=isch&source=hp&q=black%20wallet&oq=black%20wallet&gs_l=img"
1502048017300	Marionette	DEBUG	Received DOM event "pageshow" for "https://www.google.com/search?safe=off&site=&tbm=isch&source=hp&q=black%20wallet&oq=black%20wallet&gs_l=img"
1502048017894	Marionette	DEBUG	Received DOM event "pageshow" for "https://www.google.com/search?safe=off&site=&tbm=isch&source=hp&q=black%20wallet&oq=black%20wallet&gs_l=img"
2017-08-06 15:33:50.082 firefox-bin[46726:6722594] IMKInputSession presentFunctionRowItemTextInputViewWithEndpoint:completionHandler: : [self textInputContext]=0x119fc9040 *NO* NSRemoteViewController to client, NSError=Error Domain=NSCocoaErrorDomain Code=4097 "connection from pid 0" UserInfo={NSDebugDescription=connection from pid 0}, com.apple.inputmethod.EmojiFunctionRowItem
1502048034035	Marionette	INFO	New connections will no longer be accepted
